Vivado Simulator 2019.1
Copyright 1986-1999, 2001-2019 Xilinx, Inc. All Rights Reserved.
Running: D:/Xilinx/Vivado/2019.1/bin/unwrapped/win64.o/xelab.exe -wto ebaa427a70ae49daa2bc36429536826e --incr --debug typical --relax --mt 2 -L blk_mem_gen_v8_4_3 -L xil_defaultlib -L unisims_ver -L unimacro_ver -L secureip -L xpm --snapshot CPU_tb_behav xil_defaultlib.CPU_tb xil_defaultlib.glbl -log elaborate.log 
Using 2 slave threads.
Starting static elaboration
WARNING: [VRFC 10-3091] actual bit length 32 differs from formal bit length 14 for port 'addra' [D:/self_learning/RISC-V-RV32I-CPU/risc_v_cpu1/risc_v_cpu1.srcs/sources_1/new/PC.v:79]
WARNING: [VRFC 10-3091] actual bit length 30 differs from formal bit length 14 for port 'addrb' [D:/self_learning/RISC-V-RV32I-CPU/risc_v_cpu1/risc_v_cpu1.srcs/sources_1/new/PC.v:83]
WARNING: [VRFC 10-3091] actual bit length 32 differs from formal bit length 1 for port 'rd_wren' [D:/self_learning/RISC-V-RV32I-CPU/risc_v_cpu1/risc_v_cpu1.srcs/sources_1/new/data_path.v:98]
WARNING: [VRFC 10-3091] actual bit length 32 differs from formal bit length 14 for port 'addra' [D:/self_learning/RISC-V-RV32I-CPU/risc_v_cpu1/risc_v_cpu1.srcs/sources_1/new/data_path.v:126]
WARNING: [VRFC 10-3091] actual bit length 32 differs from formal bit length 1 for port 'wea' [D:/self_learning/RISC-V-RV32I-CPU/risc_v_cpu1/risc_v_cpu1.srcs/sources_1/new/data_path.v:127]
Completed static elaboration
Starting simulation data flow analysis
Completed simulation data flow analysis
Time Resolution for simulation is 1ps
Compiling module xil_defaultlib.decoder
Compiling module xil_defaultlib.control_unit
Compiling module xil_defaultlib.ctrl_path
Compiling module blk_mem_gen_v8_4_3.blk_mem_gen_v8_4_3_output_stage(...
Compiling module blk_mem_gen_v8_4_3.blk_mem_gen_v8_4_3_softecc_outpu...
Compiling module blk_mem_gen_v8_4_3.blk_mem_gen_v8_4_3_mem_module(C_...
Compiling module blk_mem_gen_v8_4_3.blk_mem_gen_v8_4_3(C_FAMILY="zyn...
Compiling module xil_defaultlib.inst_blkmem
Compiling module xil_defaultlib.PC
Compiling module xil_defaultlib.regfile
Compiling module xil_defaultlib.ALU
Compiling module blk_mem_gen_v8_4_3.blk_mem_gen_v8_4_3_mem_module(C_...
Compiling module blk_mem_gen_v8_4_3.blk_mem_gen_v8_4_3(C_FAMILY="zyn...
Compiling module xil_defaultlib.data_blkmem
Compiling module xil_defaultlib.data_path
Compiling module xil_defaultlib.CPU
Compiling module xil_defaultlib.CPU_tb
Compiling module xil_defaultlib.glbl
Built simulation snapshot CPU_tb_behav
