#-----------------------------------------------------------
# Vivado v2019.1 (64-bit)
# SW Build 2552052 on Fri May 24 14:49:42 MDT 2019
# IP Build 2548770 on Fri May 24 18:01:18 MDT 2019
# Start of session at: Fri Feb 23 00:01:40 2024
# Process ID: 11852
# Current directory: D:/self_learning/RISC-V-RV32I-CPU/1/risc_v_cpu1
# Command line: vivado.exe -gui_launcher_event rodinguilauncherevent12936 D:\self_learning\RISC-V-RV32I-CPU\1\risc_v_cpu1\risc_v_cpu1.xpr
# Log file: D:/self_learning/RISC-V-RV32I-CPU/1/risc_v_cpu1/vivado.log
# Journal file: D:/self_learning/RISC-V-RV32I-CPU/1/risc_v_cpu1\vivado.jou
#-----------------------------------------------------------
start_gui
open_project D:/self_learning/RISC-V-RV32I-CPU/1/risc_v_cpu1/risc_v_cpu1.xpr
Scanning sources...
Finished scanning sources
INFO: [IP_Flow 19-234] Refreshing IP repositories
INFO: [IP_Flow 19-1704] No user IP repositories specified
INFO: [IP_Flow 19-2313] Loaded Vivado IP repository 'D:/Xilinx/Vivado/2019.1/data/ip'.
open_project: Time (s): cpu = 00:00:26 ; elapsed = 00:00:14 . Memory (MB): peak = 811.859 ; gain = 160.102
update_compile_order -fileset sources_1
