INFO: [VRFC 10-2263] Analyzing Verilog file "D:/self_learning/RISC-V-RV32I-CPU/risc_v_cpu2/risc_v_cpu2.srcs/sources_1/ip/data_blkmem/sim/data_blkmem.v" into library xil_defaultlib
INFO: [VRFC 10-311] analyzing module data_blkmem
INFO: [VRFC 10-2263] Analyzing Verilog file "D:/self_learning/RISC-V-RV32I-CPU/risc_v_cpu2/risc_v_cpu2.srcs/sources_1/ip/inst_blkmem/sim/inst_blkmem.v" into library xil_defaultlib
INFO: [VRFC 10-311] analyzing module inst_blkmem
INFO: [VRFC 10-2263] Analyzing Verilog file "D:/self_learning/RISC-V-RV32I-CPU/risc_v_cpu2/risc_v_cpu2.srcs/sources_1/new/ALU.v" into library xil_defaultlib
INFO: [VRFC 10-311] analyzing module ALU
INFO: [VRFC 10-2263] Analyzing Verilog file "D:/self_learning/RISC-V-RV32I-CPU/risc_v_cpu2/risc_v_cpu2.srcs/sources_1/new/CPU.v" into library xil_defaultlib
INFO: [VRFC 10-311] analyzing module CPU
INFO: [VRFC 10-2263] Analyzing Verilog file "D:/self_learning/RISC-V-RV32I-CPU/risc_v_cpu2/risc_v_cpu2.srcs/sources_1/new/PC.v" into library xil_defaultlib
INFO: [VRFC 10-311] analyzing module PC
INFO: [VRFC 10-2263] Analyzing Verilog file "D:/self_learning/RISC-V-RV32I-CPU/risc_v_cpu2/risc_v_cpu2.srcs/sources_1/new/branch_jump.v" into library xil_defaultlib
INFO: [VRFC 10-311] analyzing module branch_jump
INFO: [VRFC 10-2263] Analyzing Verilog file "D:/self_learning/RISC-V-RV32I-CPU/risc_v_cpu2/risc_v_cpu2.srcs/sources_1/new/control_unit.v" into library xil_defaultlib
INFO: [VRFC 10-311] analyzing module control_unit
INFO: [VRFC 10-2263] Analyzing Verilog file "D:/self_learning/RISC-V-RV32I-CPU/risc_v_cpu2/risc_v_cpu2.srcs/sources_1/new/ctrl_path.v" into library xil_defaultlib
INFO: [VRFC 10-311] analyzing module ctrl_path
INFO: [VRFC 10-2263] Analyzing Verilog file "D:/self_learning/RISC-V-RV32I-CPU/risc_v_cpu2/risc_v_cpu2.srcs/sources_1/new/data_path.v" into library xil_defaultlib
INFO: [VRFC 10-311] analyzing module data_path
INFO: [VRFC 10-2263] Analyzing Verilog file "D:/self_learning/RISC-V-RV32I-CPU/risc_v_cpu2/risc_v_cpu2.srcs/sources_1/new/decoder.v" into library xil_defaultlib
INFO: [VRFC 10-311] analyzing module decoder
INFO: [VRFC 10-2263] Analyzing Verilog file "D:/self_learning/RISC-V-RV32I-CPU/risc_v_cpu2/risc_v_cpu2.srcs/sources_1/new/regfile.v" into library xil_defaultlib
INFO: [VRFC 10-311] analyzing module regfile
INFO: [VRFC 10-2263] Analyzing Verilog file "D:/self_learning/RISC-V-RV32I-CPU/risc_v_cpu2/risc_v_cpu2.srcs/sim_1/new/CPU_tb2.v" into library xil_defaultlib
INFO: [VRFC 10-311] analyzing module CPU_tb2
